<?xml version="1.0" encoding="UTF-8"?>
<!-- Generated by org.testng.reporters.JUnitReportReporter -->
<testsuite hostname="LAPTOP-I6NAOKBP" name="TestCases.SignIn" tests="1" failures="0" timestamp="19 Feb 2020 13:26:29 GMT" time="0.020" errors="0">
  <testcase name="tc_01" time="0.020" classname="TestCases.SignIn"/>
</testsuite> <!-- TestCases.SignIn -->
