<?xml version="1.0" encoding="UTF-8"?>
<!-- Generated by org.testng.reporters.JUnitReportReporter -->
<testsuite hostname="LAPTOP-I6NAOKBP" name="TestCases.SignIn" tests="1" failures="0" timestamp="30 Jan 2020 15:14:34 GMT" time="34.169" errors="0">
  <testcase name="tc_01" time="34.169" classname="TestCases.SignIn"/>
</testsuite> <!-- TestCases.SignIn -->
