<?xml version="1.0" encoding="UTF-8"?>
<!-- Generated by org.testng.reporters.JUnitReportReporter -->
<testsuite hostname="LAPTOP-I6NAOKBP" name="StepDefinitions.SignInPageSteps" tests="1" failures="0" timestamp="19 Feb 2020 09:07:25 GMT" time="47.167" errors="0">
  <testcase name="chrome_browser_is_opened" time="47.167" classname="StepDefinitions.SignInPageSteps"/>
</testsuite> <!-- StepDefinitions.SignInPageSteps -->
